<?xml version="1.0" encoding="UTF-8"?>
<!-- Generated by org.testng.reporters.JUnitReportReporter -->
<testsuite hostname="PLTW-CPS" name="MavenPackage.HomePage"
	tests="2" failures="0" timestamp="1 May 2020 21:38:25 GMT"
	time="19.354" errors="0">
	<testcase name="basePageNavigation" time="5.624"
		classname="MavenPackage.HomePage" />
	<testcase name="basePageNavigation" time="13.730"
		classname="MavenPackage.HomePage" />
</testsuite> <!-- MavenPackage.HomePage -->
