<?xml version="1.0" encoding="UTF-8"?>
<!-- Generated by org.testng.reporters.JUnitReportReporter -->
<testsuite hostname="PLTW-CPS"
	name="MavenPackage.ValidateNavBar" tests="1" failures="0"
	timestamp="1 May 2020 21:20:22 GMT" time="0.039" errors="0">
	<testcase name="basePageNavigation" time="0.039"
		classname="MavenPackage.ValidateNavBar" />
</testsuite> <!-- MavenPackage.ValidateNavBar -->
