<?xml version="1.0" encoding="UTF-8"?>
<!-- Generated by org.testng.reporters.JUnitReportReporter -->
<testsuite hostname="PLTW-CPS" name="MavenPackage.HomePage"
	tests="2" failures="0" timestamp="1 May 2020 22:36:28 GMT"
	time="14.036" errors="0">
	<testcase name="basePageNavigation" time="8.034"
		classname="MavenPackage.HomePage" />
	<testcase name="basePageNavigation" time="6.002"
		classname="MavenPackage.HomePage" />
</testsuite> <!-- MavenPackage.HomePage -->
