<?xml version="1.0" encoding="UTF-8"?>
<!-- Generated by org.testng.reporters.JUnitReportReporter -->
<testsuite hostname="PLTW-CPS"
	name="MavenPackage.ValidateTitle" tests="1" failures="0"
	timestamp="1 May 2020 22:36:28 GMT" time="0.030" errors="0">
	<testcase name="basePageNavigation" time="0.030"
		classname="MavenPackage.ValidateTitle" />
</testsuite> <!-- MavenPackage.ValidateTitle -->
